0 info it worked if it ends with ok
1 verbose cli [ '/Users/nonnycode/.nvm/versions/node/v5.0.0/bin/node',
1 verbose cli   '/Users/nonnycode/.nvm/versions/node/v5.0.0/bin/npm',
1 verbose cli   'publish' ]
2 info using npm@3.6.0
3 info using node@v5.0.0
4 verbose publish [ '.' ]
5 silly cache add args [ '.', null ]
6 verbose cache add spec .
7 silly cache add parsed spec Result {
7 silly cache add   raw: '.',
7 silly cache add   scope: null,
7 silly cache add   name: null,
7 silly cache add   rawSpec: '.',
7 silly cache add   spec: '/Users/nonnycode/Documents/lab/starwars-library',
7 silly cache add   type: 'directory' }
8 verbose addLocalDirectory /Users/nonnycode/.npm/starwars-library/1.0.0/package.tgz not in flight; packing
9 verbose correctMkdir /Users/nonnycode/.npm correctMkdir not in flight; initializing
10 info lifecycle starwars-library@1.0.0~prepublish: starwars-library@1.0.0
11 silly lifecycle starwars-library@1.0.0~prepublish: no script for prepublish, continuing
12 verbose tar pack [ '/Users/nonnycode/.npm/starwars-library/1.0.0/package.tgz',
12 verbose tar pack   '/Users/nonnycode/Documents/lab/starwars-library' ]
13 verbose tarball /Users/nonnycode/.npm/starwars-library/1.0.0/package.tgz
14 verbose folder /Users/nonnycode/Documents/lab/starwars-library
15 verbose addLocalTarball adding from inside cache /Users/nonnycode/.npm/starwars-library/1.0.0/package.tgz
16 verbose correctMkdir /Users/nonnycode/.npm correctMkdir not in flight; initializing
17 silly cache afterAdd starwars-library@1.0.0
18 verbose afterAdd /Users/nonnycode/.npm/starwars-library/1.0.0/package/package.json not in flight; writing
19 verbose correctMkdir /Users/nonnycode/.npm correctMkdir not in flight; initializing
20 verbose afterAdd /Users/nonnycode/.npm/starwars-library/1.0.0/package/package.json written
21 silly publish { name: 'starwars-library',
21 silly publish   version: '1.0.0',
21 silly publish   description: 'Get random starwars names',
21 silly publish   main: 'src/index.js',
21 silly publish   scripts: { test: 'echo "Error: no test specified" && exit 1' },
21 silly publish   repository:
21 silly publish    { type: 'git',
21 silly publish      url: 'git+https://github.com/miknonny/starwars-names.git' },
21 silly publish   keywords: [ 'random', 'star', 'wars' ],
21 silly publish   author: { name: 'mbah michael', email: 'miknonny@gmail.com' },
21 silly publish   license: 'MIT',
21 silly publish   bugs: { url: 'https://github.com/miknonny/starwars-names/issues' },
21 silly publish   homepage: 'https://github.com/miknonny/starwars-names#readme',
21 silly publish   dependencies: { 'unique-random-array': '1.1.0' },
21 silly publish   readme: '# starwars-names\n',
21 silly publish   readmeFilename: 'README.md',
21 silly publish   gitHead: 'bf229ce46c0284bacbd22cbf9acec8c88279021d',
21 silly publish   _id: 'starwars-library@1.0.0',
21 silly publish   _shasum: '4a62a6ef81643a14eaec56e3b2dfc226e9ad3fd1',
21 silly publish   _from: '.' }
22 verbose getPublishConfig undefined
23 silly mapToRegistry name starwars-library
24 silly mapToRegistry using default registry
25 silly mapToRegistry registry https://registry.npmjs.org/
26 silly mapToRegistry uri https://registry.npmjs.org/starwars-library
27 verbose publish registryBase https://registry.npmjs.org/
28 silly publish uploading /Users/nonnycode/.npm/starwars-library/1.0.0/package.tgz
29 verbose request uri https://registry.npmjs.org/starwars-library
30 verbose request sending authorization for write operation
31 info attempt registry request try #1 at 4:59:12 PM
32 verbose request using bearer token for auth
33 verbose request id edf5ef35a1104369
34 http request PUT https://registry.npmjs.org/starwars-library
35 http 403 https://registry.npmjs.org/starwars-library
36 verbose headers { 'content-type': 'application/json',
36 verbose headers   'cache-control': 'max-age=300',
36 verbose headers   'content-length': '95',
36 verbose headers   'accept-ranges': 'bytes',
36 verbose headers   date: 'Mon, 22 Feb 2016 15:59:14 GMT',
36 verbose headers   via: '1.1 varnish',
36 verbose headers   connection: 'keep-alive',
36 verbose headers   'x-served-by': 'cache-lhr6335-LHR',
36 verbose headers   'x-cache': 'MISS',
36 verbose headers   'x-cache-hits': '0',
36 verbose headers   'x-timer': 'S1456156753.162880,VS0,VE1162' }
37 verbose request invalidating /Users/nonnycode/.npm/registry.npmjs.org/starwars-library on PUT
38 error publish Failed PUT 403
39 verbose stack Error: "You cannot publish over the previously published version 1.0.0." : starwars-library
39 verbose stack     at makeError (/Users/nonnycode/.nvm/versions/node/v5.0.0/lib/node_modules/npm/node_modules/npm-registry-client/lib/request.js:264:12)
39 verbose stack     at CachingRegistryClient.<anonymous> (/Users/nonnycode/.nvm/versions/node/v5.0.0/lib/node_modules/npm/node_modules/npm-registry-client/lib/request.js:252:14)
39 verbose stack     at Request._callback (/Users/nonnycode/.nvm/versions/node/v5.0.0/lib/node_modules/npm/node_modules/npm-registry-client/lib/request.js:172:14)
39 verbose stack     at Request.self.callback (/Users/nonnycode/.nvm/versions/node/v5.0.0/lib/node_modules/npm/node_modules/request/request.js:198:22)
39 verbose stack     at emitTwo (events.js:87:13)
39 verbose stack     at Request.emit (events.js:172:7)
39 verbose stack     at Request.<anonymous> (/Users/nonnycode/.nvm/versions/node/v5.0.0/lib/node_modules/npm/node_modules/request/request.js:1035:10)
39 verbose stack     at emitOne (events.js:82:20)
39 verbose stack     at Request.emit (events.js:169:7)
39 verbose stack     at IncomingMessage.<anonymous> (/Users/nonnycode/.nvm/versions/node/v5.0.0/lib/node_modules/npm/node_modules/request/request.js:962:12)
40 verbose statusCode 403
41 verbose pkgid starwars-library
42 verbose cwd /Users/nonnycode/Documents/lab/starwars-library
43 error Darwin 14.5.0
44 error argv "/Users/nonnycode/.nvm/versions/node/v5.0.0/bin/node" "/Users/nonnycode/.nvm/versions/node/v5.0.0/bin/npm" "publish"
45 error node v5.0.0
46 error npm  v3.6.0
47 error code E403
48 error "You cannot publish over the previously published version 1.0.0." : starwars-library
49 error If you need help, you may report this error at:
49 error     <https://github.com/npm/npm/issues>
50 verbose exit [ 1, true ]
